Using pre-set license
Built from '2020.3/staging' branch; Version is '2020.3.3f1 (76626098c1c4) revision 7758432'; Using compiler version '192528614'; Build Type 'Release'
OS: 'Windows 10 Home Single Language; OS build 19044.1889; Version 2009; 64bit' Language: 'ru' Physical Memory: 8074 MB
BatchMode: 1, IsHumanControllingUs: 0, StartBugReporterOnCrash: 0, Is64bit: 1, IsPro: 0

 COMMAND LINE ARGUMENTS:
D:\UnityEditors\2020.3.3f1\Editor\Unity.exe
-adb2
-batchMode
-noUpm
-name
AssetImportWorker0
-projectPath
D:/Projects/Inside
-logFile
Logs/AssetImportWorker0.log
-srvPort
58836
Successfully changed project path to: D:/Projects/Inside
D:/Projects/Inside
Using Asset Import Pipeline V2.
Refreshing native plugins compatible for Editor in 107.73 ms, found 0 plugins.
Preloading 0 native plugins for Editor in 0.00 ms.
Initialize engine version: 2020.3.3f1 (76626098c1c4)
[Subsystems] Discovering subsystems at path D:/UnityEditors/2020.3.3f1/Editor/Data/Resources/UnitySubsystems
[Subsystems] Discovering subsystems at path D:/Projects/Inside/Assets
GfxDevice: creating device client; threaded=0
Direct3D:
    Version:  Direct3D 11.0 [level 11.1]
    Renderer: NVIDIA GeForce MX150 (ID=0x1d10)
    Vendor:   
    VRAM:     1983 MB
    Driver:   31.0.15.1601
Shader 'Universal Render Pipeline/Particles/Lit': fallback shader 'Universal Render Pipeline/Particles/SimpleLit' not found
Initialize mono
Mono path[0] = 'D:/UnityEditors/2020.3.3f1/Editor/Data/Managed'
Mono path[1] = 'D:/UnityEditors/2020.3.3f1/Editor/Data/MonoBleedingEdge/lib/mono/unityjit'
Mono config path = 'D:/UnityEditors/2020.3.3f1/Editor/Data/MonoBleedingEdge/etc'
Using monoOptions --debugger-agent=transport=dt_socket,embedding=1,server=y,suspend=n,address=127.0.0.1:56436
Begin MonoManager ReloadAssembly
Registering precompiled unity dll's ...
Register platform support module: D:/UnityEditors/2020.3.3f1/Editor/Data/PlaybackEngines/WindowsStandaloneSupport/UnityEditor.WindowsStandalone.Extensions.dll
Registered in 0.001471 seconds.
Native extension for WindowsStandalone target not found
Refreshing native plugins compatible for Editor in 94.62 ms, found 0 plugins.
Preloading 0 native plugins for Editor in 0.00 ms.
Invoked RoslynAnalysisRunner static constructor.
RoslynAnalysisRunner will not be running.
RoslynAnalysisRunner has terminated.
Mono: successfully reloaded assembly
- Completed reload, in  2.062 seconds
Platform modules already initialized, skipping
Registering precompiled user dll's ...
Registered in 0.001590 seconds.
Begin MonoManager ReloadAssembly
Native extension for WindowsStandalone target not found
Refreshing native plugins compatible for Editor in 85.13 ms, found 0 plugins.
Preloading 0 native plugins for Editor in 0.00 ms.
Invoked RoslynAnalysisRunner static constructor.
RoslynAnalysisRunner will not be running.
RoslynAnalysisRunner has terminated.
Mono: successfully reloaded assembly
- Completed reload, in  1.644 seconds
Platform modules already initialized, skipping
========================================================================
Worker process is ready to serve import requests
Shader 'Universal Render Pipeline/Particles/Lit': fallback shader 'Universal Render Pipeline/Particles/SimpleLit' not found
Launched and connected shader compiler UnityShaderCompiler.exe after 0.10 seconds
Refreshing native plugins compatible for Editor in 0.71 ms, found 0 plugins.
Preloading 0 native plugins for Editor in 0.00 ms.
Unloading 2735 Unused Serialized files (Serialized files now loaded: 0)
System memory in use before: 133.5 MB.
System memory in use after: 133.6 MB.

Unloading 12 unused Assets to reduce memory usage. Loaded Objects now: 3191.
Total: 3.767600 ms (FindLiveObjects: 0.479700 ms CreateObjectMapping: 0.235900 ms MarkObjects: 2.917800 ms  DeleteObjects: 0.131800 ms)

========================================================================
Received Import Request.
  path: Assets/Game/Basics/Mechanics/Player.cs
  artifactKey: Guid(02788c4b4666b4049bca31b7cc68338e) Importer(815301076,1909f56bfc062723c751e8b465ee728b)
Start importing Assets/Game/Basics/Mechanics/Player.cs using Guid(02788c4b4666b4049bca31b7cc68338e) Importer(815301076,1909f56bfc062723c751e8b465ee728b)  -> (artifact id: '810d4c23b51014a3c3d056b6387d8e81') in 0.118049 seconds
  Import took 0.126450 seconds .

========================================================================
Received Import Request.
  Time since last request: 0.000463 seconds.
  path: Assets/Game/Basics/TestRoom
  artifactKey: Guid(d5ab799332f862f4489079a53de81421) Importer(815301076,1909f56bfc062723c751e8b465ee728b)
Start importing Assets/Game/Basics/TestRoom using Guid(d5ab799332f862f4489079a53de81421) Importer(815301076,1909f56bfc062723c751e8b465ee728b)  -> (artifact id: '9504d4d8a6a3efd17cb750bc8bd9b1b7') in 0.007893 seconds
  Import took 0.014177 seconds .

========================================================================
Received Import Request.
  Time since last request: 153.524023 seconds.
  path: Assets/Game/Basics/Mechanics/ShortMessage.cs
  artifactKey: Guid(ce9beb484a39f244985434a7bfd48e37) Importer(815301076,1909f56bfc062723c751e8b465ee728b)
Start importing Assets/Game/Basics/Mechanics/ShortMessage.cs using Guid(ce9beb484a39f244985434a7bfd48e37) Importer(815301076,1909f56bfc062723c751e8b465ee728b)  -> (artifact id: '0a444424b6a4878c0fee906b72f16248') in 0.016054 seconds
  Import took 0.029941 seconds .

========================================================================
Received Import Request.
  Time since last request: 0.960663 seconds.
  path: Assets/Game/Basics/Mechanics/ScreenUI.cs
  artifactKey: Guid(7ab0c5f6930059d4cba47730db2370e8) Importer(815301076,1909f56bfc062723c751e8b465ee728b)
Start importing Assets/Game/Basics/Mechanics/ScreenUI.cs using Guid(7ab0c5f6930059d4cba47730db2370e8) Importer(815301076,1909f56bfc062723c751e8b465ee728b)  -> (artifact id: '0534206e12042a79fa090ca068449f89') in 0.014219 seconds
  Import took 0.024117 seconds .

========================================================================
Received Import Request.
  Time since last request: 0.000690 seconds.
  path: Assets/Game/Basics/Mechanics/ScreenUI.cs
  artifactKey: Guid(7ab0c5f6930059d4cba47730db2370e8) Importer(815301076,1909f56bfc062723c751e8b465ee728b)
Start importing Assets/Game/Basics/Mechanics/ScreenUI.cs using Guid(7ab0c5f6930059d4cba47730db2370e8) Importer(815301076,1909f56bfc062723c751e8b465ee728b)  -> (artifact id: '0534206e12042a79fa090ca068449f89') in 0.003489 seconds
  Import took 0.011745 seconds .

AssetImportWorkerClient::OnTransportError - code=2 error=End of file
